<?xml version="1.0" encoding="UTF-8"?>
<testsuite xmlns:xsi="http://www.w3.org/2001/XMLSchema-instance" xsi:noNamespaceSchemaLocation="https://maven.apache.org/surefire/maven-surefire-plugin/xsd/surefire-test-report-3.0.xsd" version="3.0" name="com.store.tests.StoreTest" time="1.912" tests="9" errors="0" skipped="8" failures="1">
  <properties>
[...]
</properties>
  <testcase name="setup" classname="com.store.tests.StoreTest" time="1.763">
    <failure message="Could not start a new session. Response code 500. Message: session not created: This version of ChromeDriver only supports Chrome version 114&#10;Current browser version is 129.0.6668.60 with binary path C:\Program Files\Google\Chrome\Application\chrome.exe &#10;Host info: host: &apos;CARLITOSTIASUS&apos;, ip: &apos;192.168.1.9&apos;&#10;Build info: version: &apos;4.14.0&apos;, revision: &apos;e5a96349ce&apos;&#10;System info: os.name: &apos;Windows 11&apos;, os.arch: &apos;amd64&apos;, os.version: &apos;10.0&apos;, java.version: &apos;17.0.10&apos;&#10;Driver info: org.openqa.selenium.chrome.ChromeDriver&#10;Command: [null, newSession {capabilities=[Capabilities {browserName: chrome, goog:chromeOptions: {args: [], extensions: []}}]}]" type="org.openqa.selenium.SessionNotCreatedException"><![CDATA[org.openqa.selenium.SessionNotCreatedException: 
Could not start a new session. Response code 500. Message: session not created: This version of ChromeDriver only supports Chrome version 114
Current browser version is 129.0.6668.60 with binary path C:\Program Files\Google\Chrome\Application\chrome.exe 
Host info: host: 'CARLITOSTIASUS', ip: '192.168.1.9'
Build info: version: '4.14.0', revision: 'e5a96349ce'
System info: os.name: 'Windows 11', os.arch: 'amd64', os.version: '10.0', java.version: '17.0.10'
Driver info: org.openqa.selenium.chrome.ChromeDriver
Command: [null, newSession {capabilities=[Capabilities {browserName: chrome, goog:chromeOptions: {args: [], extensions: []}}]}]
	at com.store.tests.StoreTest.setup(StoreTest.java:22)
]]></failure>
    <system-err><![CDATA[SLF4J: Failed to load class "org.slf4j.impl.StaticLoggerBinder".
SLF4J: Defaulting to no-operation (NOP) logger implementation
SLF4J: See http://www.slf4j.org/codes.html#StaticLoggerBinder for further details.
]]></system-err>
  </testcase>
  <testcase name="setup" classname="com.store.tests.StoreTest" time="0">
    <skipped/>
  </testcase>
  <testcase name="setup" classname="com.store.tests.StoreTest" time="0">
    <skipped/>
  </testcase>
  <testcase name="testInvalidCategory" classname="com.store.tests.StoreTest" time="0">
    <skipped message="Could not start a new session. Response code 500. Message: session not created: This version of ChromeDriver only supports Chrome version 114&#10;Current browser version is 129.0.6668.60 with binary path C:\Program Files\Google\Chrome\Application\chrome.exe &#10;Host info: host: &apos;CARLITOSTIASUS&apos;, ip: &apos;192.168.1.9&apos;&#10;Build info: version: &apos;4.14.0&apos;, revision: &apos;e5a96349ce&apos;&#10;System info: os.name: &apos;Windows 11&apos;, os.arch: &apos;amd64&apos;, os.version: &apos;10.0&apos;, java.version: &apos;17.0.10&apos;&#10;Driver info: org.openqa.selenium.chrome.ChromeDriver&#10;Command: [null, newSession {capabilities=[Capabilities {browserName: chrome, goog:chromeOptions: {args: [], extensions: []}}]}]"/>
  </testcase>
  <testcase name="teardown" classname="com.store.tests.StoreTest" time="0">
    <skipped/>
  </testcase>
  <testcase name="teardown" classname="com.store.tests.StoreTest" time="0">
    <skipped/>
  </testcase>
  <testcase name="teardown" classname="com.store.tests.StoreTest" time="0">
    <skipped/>
  </testcase>
  <testcase name="testLoginFailure" classname="com.store.tests.StoreTest" time="0">
    <skipped message="Could not start a new session. Response code 500. Message: session not created: This version of ChromeDriver only supports Chrome version 114&#10;Current browser version is 129.0.6668.60 with binary path C:\Program Files\Google\Chrome\Application\chrome.exe &#10;Host info: host: &apos;CARLITOSTIASUS&apos;, ip: &apos;192.168.1.9&apos;&#10;Build info: version: &apos;4.14.0&apos;, revision: &apos;e5a96349ce&apos;&#10;System info: os.name: &apos;Windows 11&apos;, os.arch: &apos;amd64&apos;, os.version: &apos;10.0&apos;, java.version: &apos;17.0.10&apos;&#10;Driver info: org.openqa.selenium.chrome.ChromeDriver&#10;Command: [null, newSession {capabilities=[Capabilities {browserName: chrome, goog:chromeOptions: {args: [], extensions: []}}]}]"/>
  </testcase>
  <testcase name="testLoginSuccessful" classname="com.store.tests.StoreTest" time="0">
    <skipped message="Could not start a new session. Response code 500. Message: session not created: This version of ChromeDriver only supports Chrome version 114&#10;Current browser version is 129.0.6668.60 with binary path C:\Program Files\Google\Chrome\Application\chrome.exe &#10;Host info: host: &apos;CARLITOSTIASUS&apos;, ip: &apos;192.168.1.9&apos;&#10;Build info: version: &apos;4.14.0&apos;, revision: &apos;e5a96349ce&apos;&#10;System info: os.name: &apos;Windows 11&apos;, os.arch: &apos;amd64&apos;, os.version: &apos;10.0&apos;, java.version: &apos;17.0.10&apos;&#10;Driver info: org.openqa.selenium.chrome.ChromeDriver&#10;Command: [null, newSession {capabilities=[Capabilities {browserName: chrome, goog:chromeOptions: {args: [], extensions: []}}]}]"/>
  </testcase>
</testsuite>